# JRE version: OpenJDK Runtime Environment (11.0.11+9) (build 11.0.11+9-b60-7590822)
# Java VM: OpenJDK 64-Bit Server VM (11.0.11+9-b60-7590822, mixed mode, tiered, compressed oops, g1 gc, windows-amd64)
Heap:
 garbage-first heap   total 262144K, used 188453K [0x0000000080000000, 0x0000000100000000)
  region size 1024K, 115 young (117760K), 10 survivors (10240K)
 Metaspace       used 86295K, capacity 88782K, committed 89072K, reserved 1126400K
  class space    used 11198K, capacity 12122K, committed 12236K, reserved 1048576K
GC Heap History (20 events):
Event: 1.138 GC heap before
{Heap before GC invocations=0 (full 0):
 garbage-first heap   total 262144K, used 29696K [0x0000000080000000, 0x0000000100000000)
  region size 1024K, 24 young (24576K), 0 survivors (0K)
 Metaspace       used 9917K, capacity 10130K, committed 10368K, reserved 1058816K
  class space    used 1028K, capacity 1102K, committed 1152K, reserved 1048576K
}
Event: 1.143 GC heap after
{Heap after GC invocations=1 (full 0):
 garbage-first heap   total 262144K, used 9523K [0x0000000080000000, 0x0000000100000000)
  region size 1024K, 3 young (3072K), 3 survivors (3072K)
 Metaspace       used 9917K, capacity 10130K, committed 10368K, reserved 1058816K
  class space    used 1028K, capacity 1102K, committed 1152K, reserved 1048576K
}
Event: 4.425 GC heap before
{Heap before GC invocations=1 (full 0):
 garbage-first heap   total 262144K, used 109875K [0x0000000080000000, 0x0000000100000000)
  region size 1024K, 101 young (103424K), 3 survivors (3072K)
 Metaspace       used 20794K, capacity 21178K, committed 21296K, reserved 1069056K
  class space    used 2530K, capacity 2658K, committed 2688K, reserved 1048576K
}
Event: 4.433 GC heap after
{Heap after GC invocations=2 (full 0):
 garbage-first heap   total 262144K, used 16676K [0x0000000080000000, 0x0000000100000000)
  region size 1024K, 10 young (10240K), 10 survivors (10240K)
 Metaspace       used 20794K, capacity 21178K, committed 21296K, reserved 1069056K
  class space    used 2530K, capacity 2658K, committed 2688K, reserved 1048576K
}
Event: 4.614 GC heap before
{Heap before GC invocations=3 (full 0):
 garbage-first heap   total 262144K, used 39204K [0x0000000080000000, 0x0000000100000000)
  region size 1024K, 32 young (32768K), 10 survivors (10240K)
 Metaspace       used 22723K, capacity 23211K, committed 23472K, reserved 1069056K
  class space    used 2885K, capacity 3044K, committed 3072K, reserved 1048576K
}
Event: 4.619 GC heap after
{Heap after GC invocations=4 (full 0):
 garbage-first heap   total 262144K, used 17904K [0x0000000080000000, 0x0000000100000000)
  region size 1024K, 2 young (2048K), 2 survivors (2048K)
 Metaspace       used 22723K, capacity 23211K, committed 23472K, reserved 1069056K
  class space    used 2885K, capacity 3044K, committed 3072K, reserved 1048576K
}
Event: 5.304 GC heap before
{Heap before GC invocations=4 (full 0):
 garbage-first heap   total 262144K, used 88560K [0x0000000080000000, 0x0000000100000000)
  region size 1024K, 71 young (72704K), 2 survivors (2048K)
 Metaspace       used 29855K, capacity 30441K, committed 30512K, reserved 1075200K
  class space    used 3983K, capacity 4203K, committed 4224K, reserved 1048576K
}
Event: 5.306 GC heap after
{Heap after GC invocations=5 (full 0):
 garbage-first heap   total 262144K, used 20021K [0x0000000080000000, 0x0000000100000000)
  region size 1024K, 4 young (4096K), 4 survivors (4096K)
 Metaspace       used 29855K, capacity 30441K, committed 30512K, reserved 1075200K
  class space    used 3983K, capacity 4203K, committed 4224K, reserved 1048576K
}
Event: 5.616 GC heap before
{Heap before GC invocations=5 (full 0):
 garbage-first heap   total 262144K, used 38453K [0x0000000080000000, 0x0000000100000000)
  region size 1024K, 23 young (23552K), 4 survivors (4096K)
 Metaspace       used 34867K, capacity 35622K, committed 35708K, reserved 1081344K
  class space    used 4518K, capacity 4825K, committed 4864K, reserved 1048576K
}
Event: 5.622 GC heap after
{Heap after GC invocations=6 (full 0):
 garbage-first heap   total 262144K, used 22318K [0x0000000080000000, 0x0000000100000000)
  region size 1024K, 6 young (6144K), 6 survivors (6144K)
 Metaspace       used 34867K, capacity 35622K, committed 35708K, reserved 1081344K
  class space    used 4518K, capacity 4825K, committed 4864K, reserved 1048576K
}
Event: 6.678 GC heap before
{Heap before GC invocations=7 (full 0):
 garbage-first heap   total 262144K, used 145198K [0x0000000080000000, 0x0000000100000000)
  region size 1024K, 123 young (125952K), 6 survivors (6144K)
 Metaspace       used 44749K, capacity 45833K, committed 45948K, reserved 1089536K
  class space    used 5726K, capacity 6124K, committed 6144K, reserved 1048576K
}
Event: 6.684 GC heap after
{Heap after GC invocations=8 (full 0):
 garbage-first heap   total 262144K, used 29651K [0x0000000080000000, 0x0000000100000000)
  region size 1024K, 13 young (13312K), 13 survivors (13312K)
 Metaspace       used 44749K, capacity 45833K, committed 45948K, reserved 1089536K
  class space    used 5726K, capacity 6124K, committed 6144K, reserved 1048576K
}
Event: 8.369 GC heap before
{Heap before GC invocations=8 (full 0):
 garbage-first heap   total 262144K, used 164819K [0x0000000080000000, 0x0000000100000000)
  region size 1024K, 140 young (143360K), 13 survivors (13312K)
 Metaspace       used 52875K, capacity 54345K, committed 54524K, reserved 1097728K
  class space    used 6714K, capacity 7238K, committed 7296K, reserved 1048576K
}
Event: 8.378 GC heap after
{Heap after GC invocations=9 (full 0):
 garbage-first heap   total 262144K, used 44965K [0x0000000080000000, 0x0000000100000000)
  region size 1024K, 18 young (18432K), 18 survivors (18432K)
 Metaspace       used 52875K, capacity 54345K, committed 54524K, reserved 1097728K
  class space    used 6714K, capacity 7238K, committed 7296K, reserved 1048576K
}
Event: 8.809 GC heap before
{Heap before GC invocations=9 (full 0):
 garbage-first heap   total 262144K, used 79781K [0x0000000080000000, 0x0000000100000000)
  region size 1024K, 53 young (54272K), 18 survivors (18432K)
 Metaspace       used 58386K, capacity 59834K, committed 59940K, reserved 1101824K
  class space    used 7394K, capacity 7911K, committed 7936K, reserved 1048576K
}
Event: 8.823 GC heap after
{Heap after GC invocations=10 (full 0):
 garbage-first heap   total 262144K, used 47424K [0x0000000080000000, 0x0000000100000000)
  region size 1024K, 3 young (3072K), 3 survivors (3072K)
 Metaspace       used 58386K, capacity 59834K, committed 59940K, reserved 1101824K
  class space    used 7394K, capacity 7911K, committed 7936K, reserved 1048576K
}
Event: 10.246 GC heap before
{Heap before GC invocations=11 (full 0):
 garbage-first heap   total 262144K, used 185664K [0x0000000080000000, 0x0000000100000000)
  region size 1024K, 138 young (141312K), 3 survivors (3072K)
 Metaspace       used 69846K, capacity 71523K, committed 71664K, reserved 1112064K
  class space    used 9029K, capacity 9635K, committed 9676K, reserved 1048576K
}
Event: 10.252 GC heap after
{Heap after GC invocations=12 (full 0):
 garbage-first heap   total 262144K, used 55896K [0x0000000080000000, 0x0000000100000000)
  region size 1024K, 12 young (12288K), 12 survivors (12288K)
 Metaspace       used 69846K, capacity 71523K, committed 71664K, reserved 1112064K
  class space    used 9029K, capacity 9635K, committed 9676K, reserved 1048576K
}
Event: 11.757 GC heap before
{Heap before GC invocations=12 (full 0):
 garbage-first heap   total 262144K, used 190040K [0x0000000080000000, 0x0000000100000000)
  region size 1024K, 144 young (147456K), 12 survivors (12288K)
 Metaspace       used 81012K, capacity 83389K, committed 83568K, reserved 1122304K
  class space    used 10679K, capacity 11556K, committed 11596K, reserved 1048576K
}
Event: 11.769 GC heap after
{Heap after GC invocations=13 (full 0):
 garbage-first heap   total 262144K, used 65573K [0x0000000080000000, 0x0000000100000000)
  region size 1024K, 10 young (10240K), 10 survivors (10240K)
 Metaspace       used 81012K, capacity 83389K, committed 83568K, reserved 1122304K
  class space    used 10679K, capacity 11556K, committed 11596K, reserved 1048576K
}

